2025-11-22 05:06:33.390 -03:00 [INF] Request starting HTTP/2 GET https://localhost:44318/swagger - null null
2025-11-22 05:06:33.715 -03:00 [INF] Application started. Press Ctrl+C to shut down.
2025-11-22 05:06:33.718 -03:00 [INF] Hosting environment: Development
2025-11-22 05:06:33.734 -03:00 [INF] Content root path: C:\projects\Training\MicrosoftNet\Fintech\Fintech.Accounts\Accounts.API
2025-11-22 05:06:34.521 -03:00 [INF] HTTP GET /swagger responded 301 in 26.5148 ms
2025-11-22 05:06:34.853 -03:00 [INF] Request starting HTTP/2 GET https://localhost:44318/swagger/index.html - null null
2025-11-22 05:06:34.864 -03:00 [INF] Request finished HTTP/2 GET https://localhost:44318/swagger - 301 null null 1505.5356ms
2025-11-22 05:06:35.376 -03:00 [INF] HTTP GET /swagger/index.html responded 200 in 502.4404 ms
2025-11-22 05:06:35.381 -03:00 [INF] Request finished HTTP/2 GET https://localhost:44318/swagger/index.html - 200 null text/html;charset=utf-8 530.7017ms
2025-11-22 05:06:35.408 -03:00 [INF] Request starting HTTP/2 GET https://localhost:44318/swagger/swagger-ui.css - null null
2025-11-22 05:06:35.448 -03:00 [INF] Request starting HTTP/2 GET https://localhost:44318/swagger/swagger-ui-bundle.js - null null
2025-11-22 05:06:35.465 -03:00 [INF] Request starting HTTP/2 GET https://localhost:44318/_framework/aspnetcore-browser-refresh.js - null null
2025-11-22 05:06:35.522 -03:00 [INF] Request starting HTTP/2 GET https://localhost:44318/swagger/swagger-ui-standalone-preset.js - null null
2025-11-22 05:06:35.522 -03:00 [INF] Request finished HTTP/2 GET https://localhost:44318/_framework/aspnetcore-browser-refresh.js - 200 16509 application/javascript; charset=utf-8 55.2944ms
2025-11-22 05:06:35.677 -03:00 [INF] Sending file. Request path: '/swagger-ui.css'. Physical path: 'N/A'
2025-11-22 05:06:35.677 -03:00 [INF] HTTP GET /swagger/swagger-ui.css responded 200 in 265.2826 ms
2025-11-22 05:06:35.678 -03:00 [INF] Sending file. Request path: '/swagger-ui-standalone-preset.js'. Physical path: 'N/A'
2025-11-22 05:06:35.678 -03:00 [INF] HTTP GET /swagger/swagger-ui-standalone-preset.js responded 200 in 155.4397 ms
2025-11-22 05:06:35.678 -03:00 [INF] Sending file. Request path: '/swagger-ui-bundle.js'. Physical path: 'N/A'
2025-11-22 05:06:35.678 -03:00 [INF] HTTP GET /swagger/swagger-ui-bundle.js responded 200 in 228.7382 ms
2025-11-22 05:06:35.683 -03:00 [INF] Request finished HTTP/2 GET https://localhost:44318/swagger/swagger-ui.css - 200 152034 text/css 274.594ms
2025-11-22 05:06:35.689 -03:00 [INF] Request finished HTTP/2 GET https://localhost:44318/swagger/swagger-ui-standalone-preset.js - 200 230280 text/javascript 167.3837ms
2025-11-22 05:06:35.716 -03:00 [INF] Request starting HTTP/2 GET https://localhost:44318/_vs/browserLink - null null
2025-11-22 05:06:35.867 -03:00 [INF] Request finished HTTP/2 GET https://localhost:44318/swagger/swagger-ui-bundle.js - 200 1456926 text/javascript 417.629ms
2025-11-22 05:06:36.142 -03:00 [INF] Request finished HTTP/2 GET https://localhost:44318/_vs/browserLink - 200 null text/javascript; charset=UTF-8 425.3424ms
2025-11-22 05:06:36.844 -03:00 [INF] Request starting HTTP/2 GET https://localhost:44318/swagger/v1/swagger.json - null null
2025-11-22 05:06:36.867 -03:00 [INF] HTTP GET /swagger/v1/swagger.json responded 200 in 21.9529 ms
2025-11-22 05:06:36.869 -03:00 [INF] Request finished HTTP/2 GET https://localhost:44318/swagger/v1/swagger.json - 200 null application/json;charset=utf-8 25.5277ms
2025-11-22 05:06:36.886 -03:00 [INF] Request starting HTTP/2 GET https://localhost:44318/swagger/favicon-32x32.png - null null
2025-11-22 05:06:36.888 -03:00 [INF] Sending file. Request path: '/favicon-32x32.png'. Physical path: 'N/A'
2025-11-22 05:06:36.888 -03:00 [INF] HTTP GET /swagger/favicon-32x32.png responded 200 in 1.2317 ms
2025-11-22 05:06:36.889 -03:00 [INF] Request finished HTTP/2 GET https://localhost:44318/swagger/favicon-32x32.png - 200 628 image/png 2.9227ms
2025-11-22 05:25:11.294 -03:00 [INF] Request starting HTTP/2 GET https://localhost:44318/swagger/index.html - null null
2025-11-22 05:25:11.751 -03:00 [INF] Application started. Press Ctrl+C to shut down.
2025-11-22 05:25:11.752 -03:00 [INF] Hosting environment: Development
2025-11-22 05:25:11.752 -03:00 [INF] Content root path: C:\projects\Training\MicrosoftNet\Fintech\Fintech.Accounts\Accounts.API
2025-11-22 05:25:11.912 -03:00 [INF] HTTP GET /swagger/index.html responded 200 in 250.7203 ms
2025-11-22 05:25:11.940 -03:00 [INF] Request starting HTTP/2 GET https://localhost:44318/_framework/aspnetcore-browser-refresh.js - null null
2025-11-22 05:25:11.957 -03:00 [INF] Request finished HTTP/2 GET https://localhost:44318/swagger/index.html - 200 null text/html;charset=utf-8 687.962ms
2025-11-22 05:25:11.971 -03:00 [INF] Request finished HTTP/2 GET https://localhost:44318/_framework/aspnetcore-browser-refresh.js - 200 16509 application/javascript; charset=utf-8 24.0728ms
2025-11-22 05:25:12.055 -03:00 [INF] Request starting HTTP/2 GET https://localhost:44318/_vs/browserLink - null null
2025-11-22 05:25:12.183 -03:00 [INF] Request finished HTTP/2 GET https://localhost:44318/_vs/browserLink - 200 null text/javascript; charset=UTF-8 127.6739ms
2025-11-22 05:25:12.771 -03:00 [INF] Request starting HTTP/2 GET https://localhost:44318/swagger/v1/swagger.json - null null
2025-11-22 05:25:12.787 -03:00 [INF] HTTP GET /swagger/v1/swagger.json responded 200 in 14.1239 ms
2025-11-22 05:25:12.789 -03:00 [INF] Request finished HTTP/2 GET https://localhost:44318/swagger/v1/swagger.json - 200 null application/json;charset=utf-8 18.1068ms
2025-11-22 05:25:36.213 -03:00 [INF] Request starting HTTP/2 POST https://localhost:44318/api/Accounts/transfer - application/json 135
2025-11-22 05:25:36.224 -03:00 [INF] Executing endpoint 'Accounts.API.Controllers.AccountsController.Transfer (Accounts.API)'
2025-11-22 05:25:36.257 -03:00 [INF] Route matched with {action = "Transfer", controller = "Accounts"}. Executing controller action with signature System.Threading.Tasks.Task`1[Microsoft.AspNetCore.Mvc.IActionResult] Transfer(Accounts.Application.Accounts.Commands.TransferFundsCommand) on controller Accounts.API.Controllers.AccountsController (Accounts.API).
2025-11-22 05:25:36.464 -03:00 [WRN] You do not have a valid license key for the Lucky Penny software MediatR. This is allowed for development and testing scenarios. If you are running in production you are required to have a licensed version. Please visit https://luckypennysoftware.com to obtain a valid license.
2025-11-22 05:25:38.309 -03:00 [INF] Executed DbCommand (77ms) [Parameters=[@__p_0='?' (DbType = Guid)], CommandType='"Text"', CommandTimeout='30']
SELECT a."Id", a."Balance", a."OwnerName"
FROM accounts AS a
WHERE a."Id" = @__p_0
LIMIT 1
2025-11-22 05:25:38.419 -03:00 [INF] Executed DbCommand (6ms) [Parameters=[@__p_0='?' (DbType = Guid)], CommandType='"Text"', CommandTimeout='30']
SELECT a."Id", a."Balance", a."OwnerName"
FROM accounts AS a
WHERE a."Id" = @__p_0
LIMIT 1
2025-11-22 05:25:38.575 -03:00 [INF] Executed DbCommand (14ms) [Parameters=[@p1='?' (DbType = Guid), @p0='?' (DbType = Decimal), @p3='?' (DbType = Guid), @p2='?' (DbType = Decimal)], CommandType='"Text"', CommandTimeout='30']
UPDATE accounts SET "Balance" = @p0
WHERE "Id" = @p1;
UPDATE accounts SET "Balance" = @p2
WHERE "Id" = @p3;
2025-11-22 05:25:38.786 -03:00 [INF] RabbitMqEventBus conectado a localhost vhost /, exchange fintech.events
2025-11-22 05:25:38.819 -03:00 [INF] Evento publicado en RabbitMQ: Tipo TransferCompleted, RoutingKey transfer.completed
2025-11-22 05:25:38.829 -03:00 [INF] Executing StatusCodeResult, setting HTTP status code 204
2025-11-22 05:25:38.835 -03:00 [INF] Executed action Accounts.API.Controllers.AccountsController.Transfer (Accounts.API) in 2572.7661ms
2025-11-22 05:25:38.836 -03:00 [INF] Executed endpoint 'Accounts.API.Controllers.AccountsController.Transfer (Accounts.API)'
2025-11-22 05:25:38.837 -03:00 [INF] HTTP POST /api/Accounts/transfer responded 204 in 2620.8851 ms
2025-11-22 05:25:38.849 -03:00 [INF] Request finished HTTP/2 POST https://localhost:44318/api/Accounts/transfer - 204 null null 2635.8626ms
2025-11-22 05:30:52.217 -03:00 [INF] Request starting HTTP/2 POST https://localhost:44318/api/Accounts/transfer - application/json 135
2025-11-22 05:30:52.218 -03:00 [INF] Executing endpoint 'Accounts.API.Controllers.AccountsController.Transfer (Accounts.API)'
2025-11-22 05:30:52.218 -03:00 [INF] Route matched with {action = "Transfer", controller = "Accounts"}. Executing controller action with signature System.Threading.Tasks.Task`1[Microsoft.AspNetCore.Mvc.IActionResult] Transfer(Accounts.Application.Accounts.Commands.TransferFundsCommand) on controller Accounts.API.Controllers.AccountsController (Accounts.API).
2025-11-22 05:30:52.410 -03:00 [INF] Executed DbCommand (3ms) [Parameters=[@__p_0='?' (DbType = Guid)], CommandType='"Text"', CommandTimeout='30']
SELECT a."Id", a."Balance", a."OwnerName"
FROM accounts AS a
WHERE a."Id" = @__p_0
LIMIT 1
2025-11-22 05:30:52.413 -03:00 [INF] Executed DbCommand (1ms) [Parameters=[@__p_0='?' (DbType = Guid)], CommandType='"Text"', CommandTimeout='30']
SELECT a."Id", a."Balance", a."OwnerName"
FROM accounts AS a
WHERE a."Id" = @__p_0
LIMIT 1
2025-11-22 05:30:52.415 -03:00 [INF] Executed DbCommand (2ms) [Parameters=[@p1='?' (DbType = Guid), @p0='?' (DbType = Decimal), @p3='?' (DbType = Guid), @p2='?' (DbType = Decimal)], CommandType='"Text"', CommandTimeout='30']
UPDATE accounts SET "Balance" = @p0
WHERE "Id" = @p1;
UPDATE accounts SET "Balance" = @p2
WHERE "Id" = @p3;
2025-11-22 05:30:52.422 -03:00 [INF] Evento publicado en RabbitMQ: Tipo TransferCompleted, RoutingKey transfer.completed
2025-11-22 05:30:52.422 -03:00 [INF] Executing StatusCodeResult, setting HTTP status code 204
2025-11-22 05:30:52.422 -03:00 [INF] Executed action Accounts.API.Controllers.AccountsController.Transfer (Accounts.API) in 204.0334ms
2025-11-22 05:30:52.422 -03:00 [INF] Executed endpoint 'Accounts.API.Controllers.AccountsController.Transfer (Accounts.API)'
2025-11-22 05:30:52.422 -03:00 [INF] HTTP POST /api/Accounts/transfer responded 204 in 204.6914 ms
2025-11-22 05:30:52.422 -03:00 [INF] Request finished HTTP/2 POST https://localhost:44318/api/Accounts/transfer - 204 null null 205.9788ms
2025-11-22 05:35:57.721 -03:00 [INF] Request starting HTTP/2 POST https://localhost:44318/api/Accounts/transfer - application/json 135
2025-11-22 05:35:57.722 -03:00 [INF] Executing endpoint 'Accounts.API.Controllers.AccountsController.Transfer (Accounts.API)'
2025-11-22 05:35:57.722 -03:00 [INF] Route matched with {action = "Transfer", controller = "Accounts"}. Executing controller action with signature System.Threading.Tasks.Task`1[Microsoft.AspNetCore.Mvc.IActionResult] Transfer(Accounts.Application.Accounts.Commands.TransferFundsCommand) on controller Accounts.API.Controllers.AccountsController (Accounts.API).
2025-11-22 05:35:57.781 -03:00 [INF] Executed DbCommand (2ms) [Parameters=[@__p_0='?' (DbType = Guid)], CommandType='"Text"', CommandTimeout='30']
SELECT a."Id", a."Balance", a."OwnerName"
FROM accounts AS a
WHERE a."Id" = @__p_0
LIMIT 1
2025-11-22 05:35:57.783 -03:00 [INF] Executed DbCommand (1ms) [Parameters=[@__p_0='?' (DbType = Guid)], CommandType='"Text"', CommandTimeout='30']
SELECT a."Id", a."Balance", a."OwnerName"
FROM accounts AS a
WHERE a."Id" = @__p_0
LIMIT 1
2025-11-22 05:35:57.785 -03:00 [INF] Executed DbCommand (1ms) [Parameters=[@p1='?' (DbType = Guid), @p0='?' (DbType = Decimal), @p3='?' (DbType = Guid), @p2='?' (DbType = Decimal)], CommandType='"Text"', CommandTimeout='30']
UPDATE accounts SET "Balance" = @p0
WHERE "Id" = @p1;
UPDATE accounts SET "Balance" = @p2
WHERE "Id" = @p3;
2025-11-22 05:35:57.786 -03:00 [INF] Evento publicado en RabbitMQ: Tipo TransferCompleted, RoutingKey transfer.completed
2025-11-22 05:35:57.787 -03:00 [INF] Executing StatusCodeResult, setting HTTP status code 204
2025-11-22 05:35:57.787 -03:00 [INF] Executed action Accounts.API.Controllers.AccountsController.Transfer (Accounts.API) in 64.0603ms
2025-11-22 05:35:57.787 -03:00 [INF] Executed endpoint 'Accounts.API.Controllers.AccountsController.Transfer (Accounts.API)'
2025-11-22 05:35:57.787 -03:00 [INF] HTTP POST /api/Accounts/transfer responded 204 in 64.9363 ms
2025-11-22 05:35:57.787 -03:00 [INF] Request finished HTTP/2 POST https://localhost:44318/api/Accounts/transfer - 204 null null 66.6212ms
