2025-11-30 16:15:36.106 -03:00 [INF] Request starting HTTP/2 GET https://localhost:44318/swagger/index.html - null null
2025-11-30 16:15:36.722 -03:00 [INF] Application started. Press Ctrl+C to shut down.
2025-11-30 16:15:36.724 -03:00 [INF] Hosting environment: Development
2025-11-30 16:15:36.724 -03:00 [INF] Content root path: C:\projects\Training\MicrosoftNet\Fintech\Fintech.Accounts\Accounts.API
2025-11-30 16:15:37.056 -03:00 [INF] HTTP GET /swagger/index.html responded 200 in 388.4008 ms
2025-11-30 16:15:37.149 -03:00 [INF] Request finished HTTP/2 GET https://localhost:44318/swagger/index.html - 200 null text/html;charset=utf-8 1067.6627ms
2025-11-30 16:15:37.230 -03:00 [INF] Request starting HTTP/2 GET https://localhost:44318/_framework/aspnetcore-browser-refresh.js - null null
2025-11-30 16:15:37.233 -03:00 [INF] Request starting HTTP/2 GET https://localhost:44318/_vs/browserLink - null null
2025-11-30 16:15:37.243 -03:00 [INF] Request finished HTTP/2 GET https://localhost:44318/_framework/aspnetcore-browser-refresh.js - 200 16509 application/javascript; charset=utf-8 11.2468ms
2025-11-30 16:15:37.573 -03:00 [INF] Request finished HTTP/2 GET https://localhost:44318/_vs/browserLink - 200 null text/javascript; charset=UTF-8 340.4623ms
2025-11-30 16:15:38.892 -03:00 [INF] Request starting HTTP/2 GET https://localhost:44318/swagger/v1/swagger.json - null null
2025-11-30 16:15:38.911 -03:00 [INF] HTTP GET /swagger/v1/swagger.json responded 200 in 17.4026 ms
2025-11-30 16:15:38.914 -03:00 [INF] Request finished HTTP/2 GET https://localhost:44318/swagger/v1/swagger.json - 200 null application/json;charset=utf-8 22.3102ms
2025-11-30 16:16:27.465 -03:00 [INF] Request starting HTTP/2 POST https://localhost:44318/api/Accounts/transfer - application/json 135
2025-11-30 16:16:27.489 -03:00 [INF] Executing endpoint 'Accounts.API.Controllers.AccountsController.Transfer (Accounts.API)'
2025-11-30 16:16:27.546 -03:00 [INF] Route matched with {action = "Transfer", controller = "Accounts"}. Executing controller action with signature System.Threading.Tasks.Task`1[Microsoft.AspNetCore.Mvc.IActionResult] Transfer(Accounts.Application.Accounts.Commands.TransferFundsCommand) on controller Accounts.API.Controllers.AccountsController (Accounts.API).
2025-11-30 16:16:27.552 -03:00 [WRN] You do not have a valid license key for the Lucky Penny software MediatR. This is allowed for development and testing scenarios. If you are running in production you are required to have a licensed version. Please visit https://luckypennysoftware.com to obtain a valid license.
2025-11-30 16:16:30.879 -03:00 [INF] Executed DbCommand (159ms) [Parameters=[@__p_0='?' (DbType = Guid)], CommandType='"Text"', CommandTimeout='30']
SELECT a."Id", a."Balance", a."OwnerName"
FROM accounts AS a
WHERE a."Id" = @__p_0
LIMIT 1
2025-11-30 16:16:31.046 -03:00 [INF] Executed DbCommand (9ms) [Parameters=[@__p_0='?' (DbType = Guid)], CommandType='"Text"', CommandTimeout='30']
SELECT a."Id", a."Balance", a."OwnerName"
FROM accounts AS a
WHERE a."Id" = @__p_0
LIMIT 1
2025-11-30 16:16:31.344 -03:00 [INF] Executed DbCommand (39ms) [Parameters=[@p1='?' (DbType = Guid), @p0='?' (DbType = Decimal), @p3='?' (DbType = Guid), @p2='?' (DbType = Decimal), @p4='?' (DbType = Guid), @p5='?' (DbType = DateTime), @p6='?', @p7='?' (DbType = Object), @p8='?', @p9='?' (DbType = DateTime), @p10='?' (DbType = Int32), @p11='?'], CommandType='"Text"', CommandTimeout='30']
UPDATE accounts SET "Balance" = @p0
WHERE "Id" = @p1;
UPDATE accounts SET "Balance" = @p2
WHERE "Id" = @p3;
INSERT INTO outbox_messages ("Id", "CreatedAtUtc", "LastError", "Payload", "RoutingKey", "SentAtUtc", "Status", "Type")
VALUES (@p4, @p5, @p6, @p7, @p8, @p9, @p10, @p11)
RETURNING "RetryCount";
2025-11-30 16:16:31.619 -03:00 [INF] RabbitMqEventBus connected to localhost vhost /, exchange fintech.events
2025-11-30 16:16:31.653 -03:00 [INF] Event published in RabbitMQ: Type TransferCompleted, RoutingKey transfer.completed
2025-11-30 16:16:31.658 -03:00 [INF] Executed DbCommand (2ms) [Parameters=[@p2='?' (DbType = Guid), @p0='?' (DbType = DateTime), @p1='?' (DbType = Int32)], CommandType='"Text"', CommandTimeout='30']
UPDATE outbox_messages SET "SentAtUtc" = @p0, "Status" = @p1
WHERE "Id" = @p2;
2025-11-30 16:16:31.672 -03:00 [INF] Executing StatusCodeResult, setting HTTP status code 204
2025-11-30 16:16:31.680 -03:00 [INF] Executed action Accounts.API.Controllers.AccountsController.Transfer (Accounts.API) in 4126.6116ms
2025-11-30 16:16:31.681 -03:00 [INF] Executed endpoint 'Accounts.API.Controllers.AccountsController.Transfer (Accounts.API)'
2025-11-30 16:16:31.683 -03:00 [INF] HTTP POST /api/Accounts/transfer responded 204 in 4211.8473 ms
2025-11-30 16:16:31.697 -03:00 [INF] Request finished HTTP/2 POST https://localhost:44318/api/Accounts/transfer - 204 null null 4232.2951ms
2025-11-30 16:18:35.427 -03:00 [INF] Request starting HTTP/2 GET https://localhost:44318/swagger/index.html - null null
2025-11-30 16:18:35.602 -03:00 [INF] Application started. Press Ctrl+C to shut down.
2025-11-30 16:18:35.603 -03:00 [INF] Hosting environment: Development
2025-11-30 16:18:35.603 -03:00 [INF] Content root path: C:\projects\Training\MicrosoftNet\Fintech\Fintech.Accounts\Accounts.API
2025-11-30 16:18:35.976 -03:00 [INF] HTTP GET /swagger/index.html responded 200 in 210.6710 ms
2025-11-30 16:18:36.003 -03:00 [INF] Request starting HTTP/2 GET https://localhost:44318/_framework/aspnetcore-browser-refresh.js - null null
2025-11-30 16:18:36.009 -03:00 [INF] Request finished HTTP/2 GET https://localhost:44318/swagger/index.html - 200 null text/html;charset=utf-8 603.179ms
2025-11-30 16:18:36.170 -03:00 [INF] Request starting HTTP/2 GET https://localhost:44318/_vs/browserLink - null null
2025-11-30 16:18:36.173 -03:00 [INF] Request finished HTTP/2 GET https://localhost:44318/_framework/aspnetcore-browser-refresh.js - 200 16509 application/javascript; charset=utf-8 23.1453ms
2025-11-30 16:18:36.318 -03:00 [INF] Request finished HTTP/2 GET https://localhost:44318/_vs/browserLink - 200 null text/javascript; charset=UTF-8 147.9172ms
2025-11-30 16:18:37.004 -03:00 [INF] Request starting HTTP/2 GET https://localhost:44318/swagger/v1/swagger.json - null null
2025-11-30 16:18:37.049 -03:00 [INF] HTTP GET /swagger/v1/swagger.json responded 200 in 26.8799 ms
2025-11-30 16:18:37.053 -03:00 [INF] Request finished HTTP/2 GET https://localhost:44318/swagger/v1/swagger.json - 200 null application/json;charset=utf-8 62.4576ms
2025-11-30 16:19:27.199 -03:00 [INF] Request starting HTTP/2 POST https://localhost:44318/api/Accounts/transfer - application/json 135
2025-11-30 16:19:27.214 -03:00 [INF] Executing endpoint 'Accounts.API.Controllers.AccountsController.Transfer (Accounts.API)'
2025-11-30 16:19:27.247 -03:00 [INF] Route matched with {action = "Transfer", controller = "Accounts"}. Executing controller action with signature System.Threading.Tasks.Task`1[Microsoft.AspNetCore.Mvc.IActionResult] Transfer(Accounts.Application.Accounts.Commands.TransferFundsCommand) on controller Accounts.API.Controllers.AccountsController (Accounts.API).
2025-11-30 16:19:27.251 -03:00 [WRN] You do not have a valid license key for the Lucky Penny software MediatR. This is allowed for development and testing scenarios. If you are running in production you are required to have a licensed version. Please visit https://luckypennysoftware.com to obtain a valid license.
2025-11-30 16:19:29.436 -03:00 [INF] Executed DbCommand (115ms) [Parameters=[@__p_0='?' (DbType = Guid)], CommandType='"Text"', CommandTimeout='30']
SELECT a."Id", a."Balance", a."OwnerName"
FROM accounts AS a
WHERE a."Id" = @__p_0
LIMIT 1
2025-11-30 16:19:29.609 -03:00 [INF] Executed DbCommand (3ms) [Parameters=[@__p_0='?' (DbType = Guid)], CommandType='"Text"', CommandTimeout='30']
SELECT a."Id", a."Balance", a."OwnerName"
FROM accounts AS a
WHERE a."Id" = @__p_0
LIMIT 1
2025-11-30 16:19:30.264 -03:00 [INF] Executed DbCommand (63ms) [Parameters=[@p1='?' (DbType = Guid), @p0='?' (DbType = Decimal), @p3='?' (DbType = Guid), @p2='?' (DbType = Decimal), @p4='?' (DbType = Guid), @p5='?' (DbType = DateTime), @p6='?', @p7='?' (DbType = Object), @p8='?', @p9='?' (DbType = DateTime), @p10='?' (DbType = Int32), @p11='?'], CommandType='"Text"', CommandTimeout='30']
UPDATE accounts SET "Balance" = @p0
WHERE "Id" = @p1;
UPDATE accounts SET "Balance" = @p2
WHERE "Id" = @p3;
INSERT INTO outbox_messages ("Id", "CreatedAtUtc", "LastError", "Payload", "RoutingKey", "SentAtUtc", "Status", "Type")
VALUES (@p4, @p5, @p6, @p7, @p8, @p9, @p10, @p11)
RETURNING "RetryCount";
2025-11-30 16:19:30.674 -03:00 [INF] RabbitMqEventBus connected to localhost vhost /, exchange fintech.events
2025-11-30 16:19:30.732 -03:00 [INF] Event published in RabbitMQ: Type TransferCompleted, RoutingKey transfer.completed
2025-11-30 16:19:30.749 -03:00 [INF] Executed DbCommand (11ms) [Parameters=[@p2='?' (DbType = Guid), @p0='?' (DbType = DateTime), @p1='?' (DbType = Int32)], CommandType='"Text"', CommandTimeout='30']
UPDATE outbox_messages SET "SentAtUtc" = @p0, "Status" = @p1
WHERE "Id" = @p2;
2025-11-30 16:19:30.796 -03:00 [INF] Executing StatusCodeResult, setting HTTP status code 204
2025-11-30 16:19:30.815 -03:00 [INF] Executed action Accounts.API.Controllers.AccountsController.Transfer (Accounts.API) in 3551.2459ms
2025-11-30 16:19:30.816 -03:00 [INF] Executed endpoint 'Accounts.API.Controllers.AccountsController.Transfer (Accounts.API)'
2025-11-30 16:19:30.828 -03:00 [INF] HTTP POST /api/Accounts/transfer responded 204 in 3624.3237 ms
2025-11-30 16:19:30.850 -03:00 [INF] Request finished HTTP/2 POST https://localhost:44318/api/Accounts/transfer - 204 null null 3650.7106ms
2025-11-30 16:24:15.027 -03:00 [INF] Request starting HTTP/2 GET https://localhost:44318/swagger/index.html - null null
2025-11-30 16:24:15.412 -03:00 [INF] Application started. Press Ctrl+C to shut down.
2025-11-30 16:24:15.413 -03:00 [INF] Hosting environment: Development
2025-11-30 16:24:15.413 -03:00 [INF] Content root path: C:\projects\Training\MicrosoftNet\Fintech\Fintech.Accounts\Accounts.API
2025-11-30 16:24:15.595 -03:00 [INF] HTTP GET /swagger/index.html responded 200 in 217.0413 ms
2025-11-30 16:24:15.658 -03:00 [INF] Request starting HTTP/2 GET https://localhost:44318/_framework/aspnetcore-browser-refresh.js - null null
2025-11-30 16:24:15.662 -03:00 [INF] Request finished HTTP/2 GET https://localhost:44318/swagger/index.html - 200 null text/html;charset=utf-8 661.4746ms
2025-11-30 16:24:15.679 -03:00 [INF] Request finished HTTP/2 GET https://localhost:44318/_framework/aspnetcore-browser-refresh.js - 200 16509 application/javascript; charset=utf-8 13.8085ms
2025-11-30 16:24:15.758 -03:00 [INF] Request starting HTTP/2 GET https://localhost:44318/_vs/browserLink - null null
2025-11-30 16:24:15.860 -03:00 [INF] Request finished HTTP/2 GET https://localhost:44318/_vs/browserLink - 200 null text/javascript; charset=UTF-8 102.1075ms
2025-11-30 16:24:16.404 -03:00 [INF] Request starting HTTP/2 GET https://localhost:44318/swagger/v1/swagger.json - null null
2025-11-30 16:24:16.433 -03:00 [INF] HTTP GET /swagger/v1/swagger.json responded 200 in 26.7170 ms
2025-11-30 16:24:16.438 -03:00 [INF] Request finished HTTP/2 GET https://localhost:44318/swagger/v1/swagger.json - 200 null application/json;charset=utf-8 35.6429ms
2025-11-30 16:24:43.814 -03:00 [INF] Request starting HTTP/2 POST https://localhost:44318/api/Accounts/transfer - application/json 135
2025-11-30 16:24:43.833 -03:00 [INF] Executing endpoint 'Accounts.API.Controllers.AccountsController.Transfer (Accounts.API)'
2025-11-30 16:24:43.903 -03:00 [INF] Route matched with {action = "Transfer", controller = "Accounts"}. Executing controller action with signature System.Threading.Tasks.Task`1[Microsoft.AspNetCore.Mvc.IActionResult] Transfer(Accounts.Application.Accounts.Commands.TransferFundsCommand) on controller Accounts.API.Controllers.AccountsController (Accounts.API).
2025-11-30 16:24:43.913 -03:00 [WRN] You do not have a valid license key for the Lucky Penny software MediatR. This is allowed for development and testing scenarios. If you are running in production you are required to have a licensed version. Please visit https://luckypennysoftware.com to obtain a valid license.
2025-11-30 16:24:46.384 -03:00 [INF] Executed DbCommand (89ms) [Parameters=[@__p_0='?' (DbType = Guid)], CommandType='"Text"', CommandTimeout='30']
SELECT a."Id", a."Balance", a."OwnerName"
FROM accounts AS a
WHERE a."Id" = @__p_0
LIMIT 1
2025-11-30 16:24:46.514 -03:00 [INF] Executed DbCommand (7ms) [Parameters=[@__p_0='?' (DbType = Guid)], CommandType='"Text"', CommandTimeout='30']
SELECT a."Id", a."Balance", a."OwnerName"
FROM accounts AS a
WHERE a."Id" = @__p_0
LIMIT 1
2025-11-30 16:24:46.765 -03:00 [INF] Executed DbCommand (30ms) [Parameters=[@p1='?' (DbType = Guid), @p0='?' (DbType = Decimal), @p3='?' (DbType = Guid), @p2='?' (DbType = Decimal), @p4='?' (DbType = Guid), @p5='?' (DbType = DateTime), @p6='?', @p7='?' (DbType = Object), @p8='?', @p9='?' (DbType = DateTime), @p10='?' (DbType = Int32), @p11='?'], CommandType='"Text"', CommandTimeout='30']
UPDATE accounts SET "Balance" = @p0
WHERE "Id" = @p1;
UPDATE accounts SET "Balance" = @p2
WHERE "Id" = @p3;
INSERT INTO outbox_messages ("Id", "CreatedAtUtc", "LastError", "Payload", "RoutingKey", "SentAtUtc", "Status", "Type")
VALUES (@p4, @p5, @p6, @p7, @p8, @p9, @p10, @p11)
RETURNING "RetryCount";
2025-11-30 16:24:47.073 -03:00 [INF] RabbitMqEventBus connected to localhost vhost /, exchange fintech.events
2025-11-30 16:24:47.136 -03:00 [INF] Event published in RabbitMQ: Type TransferCompleted, RoutingKey transfer.completed
2025-11-30 16:24:47.144 -03:00 [INF] Executed DbCommand (4ms) [Parameters=[@p2='?' (DbType = Guid), @p0='?' (DbType = DateTime), @p1='?' (DbType = Int32)], CommandType='"Text"', CommandTimeout='30']
UPDATE outbox_messages SET "SentAtUtc" = @p0, "Status" = @p1
WHERE "Id" = @p2;
2025-11-30 16:24:47.169 -03:00 [INF] Executing StatusCodeResult, setting HTTP status code 204
2025-11-30 16:24:47.177 -03:00 [INF] Executed action Accounts.API.Controllers.AccountsController.Transfer (Accounts.API) in 3266.5387ms
2025-11-30 16:24:47.178 -03:00 [INF] Executed endpoint 'Accounts.API.Controllers.AccountsController.Transfer (Accounts.API)'
2025-11-30 16:24:47.180 -03:00 [INF] HTTP POST /api/Accounts/transfer responded 204 in 3361.6953 ms
2025-11-30 16:24:47.195 -03:00 [INF] Request finished HTTP/2 POST https://localhost:44318/api/Accounts/transfer - 204 null null 3380.5712ms
2025-11-30 16:27:55.389 -03:00 [INF] Request starting HTTP/2 GET https://localhost:44318/swagger/index.html - null null
2025-11-30 16:27:55.634 -03:00 [INF] Application started. Press Ctrl+C to shut down.
2025-11-30 16:27:55.636 -03:00 [INF] Hosting environment: Development
2025-11-30 16:27:55.636 -03:00 [INF] Content root path: C:\projects\Training\MicrosoftNet\Fintech\Fintech.Accounts\Accounts.API
2025-11-30 16:27:56.212 -03:00 [INF] HTTP GET /swagger/index.html responded 200 in 296.5123 ms
2025-11-30 16:27:56.303 -03:00 [INF] Request finished HTTP/2 GET https://localhost:44318/swagger/index.html - 200 null text/html;charset=utf-8 954.1978ms
2025-11-30 16:27:56.434 -03:00 [INF] Request starting HTTP/2 GET https://localhost:44318/_framework/aspnetcore-browser-refresh.js - null null
2025-11-30 16:27:56.448 -03:00 [INF] Request finished HTTP/2 GET https://localhost:44318/_framework/aspnetcore-browser-refresh.js - 200 16509 application/javascript; charset=utf-8 13.8832ms
2025-11-30 16:27:56.450 -03:00 [INF] Request starting HTTP/2 GET https://localhost:44318/_vs/browserLink - null null
2025-11-30 16:27:56.672 -03:00 [INF] Request finished HTTP/2 GET https://localhost:44318/_vs/browserLink - 200 null text/javascript; charset=UTF-8 222.5662ms
2025-11-30 16:27:57.683 -03:00 [INF] Request starting HTTP/2 GET https://localhost:44318/swagger/v1/swagger.json - null null
2025-11-30 16:27:57.704 -03:00 [INF] HTTP GET /swagger/v1/swagger.json responded 200 in 18.9354 ms
2025-11-30 16:27:57.707 -03:00 [INF] Request finished HTTP/2 GET https://localhost:44318/swagger/v1/swagger.json - 200 null application/json;charset=utf-8 24.584ms
2025-11-30 16:28:39.715 -03:00 [INF] Request starting HTTP/2 POST https://localhost:44318/api/Accounts/transfer - application/json 135
2025-11-30 16:28:39.731 -03:00 [INF] Executing endpoint 'Accounts.API.Controllers.AccountsController.Transfer (Accounts.API)'
2025-11-30 16:28:39.781 -03:00 [INF] Route matched with {action = "Transfer", controller = "Accounts"}. Executing controller action with signature System.Threading.Tasks.Task`1[Microsoft.AspNetCore.Mvc.IActionResult] Transfer(Accounts.Application.Accounts.Commands.TransferFundsCommand) on controller Accounts.API.Controllers.AccountsController (Accounts.API).
2025-11-30 16:28:39.788 -03:00 [WRN] You do not have a valid license key for the Lucky Penny software MediatR. This is allowed for development and testing scenarios. If you are running in production you are required to have a licensed version. Please visit https://luckypennysoftware.com to obtain a valid license.
2025-11-30 16:28:43.032 -03:00 [INF] Executed DbCommand (382ms) [Parameters=[@__p_0='?' (DbType = Guid)], CommandType='"Text"', CommandTimeout='30']
SELECT a."Id", a."Balance", a."OwnerName"
FROM accounts AS a
WHERE a."Id" = @__p_0
LIMIT 1
2025-11-30 16:28:43.282 -03:00 [INF] Executed DbCommand (16ms) [Parameters=[@__p_0='?' (DbType = Guid)], CommandType='"Text"', CommandTimeout='30']
SELECT a."Id", a."Balance", a."OwnerName"
FROM accounts AS a
WHERE a."Id" = @__p_0
LIMIT 1
2025-11-30 16:28:43.770 -03:00 [INF] Executed DbCommand (55ms) [Parameters=[@p1='?' (DbType = Guid), @p0='?' (DbType = Decimal), @p3='?' (DbType = Guid), @p2='?' (DbType = Decimal), @p4='?' (DbType = Guid), @p5='?' (DbType = DateTime), @p6='?', @p7='?' (DbType = Object), @p8='?', @p9='?' (DbType = DateTime), @p10='?' (DbType = Int32), @p11='?'], CommandType='"Text"', CommandTimeout='30']
UPDATE accounts SET "Balance" = @p0
WHERE "Id" = @p1;
UPDATE accounts SET "Balance" = @p2
WHERE "Id" = @p3;
INSERT INTO outbox_messages ("Id", "CreatedAtUtc", "LastError", "Payload", "RoutingKey", "SentAtUtc", "Status", "Type")
VALUES (@p4, @p5, @p6, @p7, @p8, @p9, @p10, @p11)
RETURNING "RetryCount";
2025-11-30 16:28:44.178 -03:00 [INF] RabbitMqEventBus connected to localhost vhost /, exchange fintech.events
2025-11-30 16:30:11.467 -03:00 [INF] Event published in RabbitMQ: Type TransferCompleted, RoutingKey transfer.completed
2025-11-30 16:30:11.512 -03:00 [INF] Executed DbCommand (5ms) [Parameters=[@p2='?' (DbType = Guid), @p0='?' (DbType = DateTime), @p1='?' (DbType = Int32)], CommandType='"Text"', CommandTimeout='30']
UPDATE outbox_messages SET "SentAtUtc" = @p0, "Status" = @p1
WHERE "Id" = @p2;
2025-11-30 16:30:11.520 -03:00 [INF] Executing StatusCodeResult, setting HTTP status code 204
2025-11-30 16:30:11.523 -03:00 [INF] Executed action Accounts.API.Controllers.AccountsController.Transfer (Accounts.API) in 91737.9665ms
2025-11-30 16:30:11.524 -03:00 [INF] Executed endpoint 'Accounts.API.Controllers.AccountsController.Transfer (Accounts.API)'
2025-11-30 16:30:11.525 -03:00 [INF] HTTP POST /api/Accounts/transfer responded 204 in 91804.3407 ms
2025-11-30 16:30:11.531 -03:00 [INF] Request finished HTTP/2 POST https://localhost:44318/api/Accounts/transfer - 204 null null 91815.3802ms
2025-11-30 16:43:46.774 -03:00 [INF] Request starting HTTP/2 POST https://localhost:44318/api/Accounts/transfer - application/json 135
2025-11-30 16:43:46.775 -03:00 [INF] Executing endpoint 'Accounts.API.Controllers.AccountsController.Transfer (Accounts.API)'
2025-11-30 16:43:46.776 -03:00 [INF] Route matched with {action = "Transfer", controller = "Accounts"}. Executing controller action with signature System.Threading.Tasks.Task`1[Microsoft.AspNetCore.Mvc.IActionResult] Transfer(Accounts.Application.Accounts.Commands.TransferFundsCommand) on controller Accounts.API.Controllers.AccountsController (Accounts.API).
2025-11-30 16:43:47.010 -03:00 [INF] Executed DbCommand (20ms) [Parameters=[@__p_0='?' (DbType = Guid)], CommandType='"Text"', CommandTimeout='30']
SELECT a."Id", a."Balance", a."OwnerName"
FROM accounts AS a
WHERE a."Id" = @__p_0
LIMIT 1
2025-11-30 16:43:47.016 -03:00 [INF] Executed DbCommand (2ms) [Parameters=[@__p_0='?' (DbType = Guid)], CommandType='"Text"', CommandTimeout='30']
SELECT a."Id", a."Balance", a."OwnerName"
FROM accounts AS a
WHERE a."Id" = @__p_0
LIMIT 1
2025-11-30 16:43:47.030 -03:00 [INF] Executed DbCommand (7ms) [Parameters=[@p1='?' (DbType = Guid), @p0='?' (DbType = Decimal), @p3='?' (DbType = Guid), @p2='?' (DbType = Decimal), @p4='?' (DbType = Guid), @p5='?' (DbType = DateTime), @p6='?', @p7='?' (DbType = Object), @p8='?', @p9='?' (DbType = DateTime), @p10='?' (DbType = Int32), @p11='?'], CommandType='"Text"', CommandTimeout='30']
UPDATE accounts SET "Balance" = @p0
WHERE "Id" = @p1;
UPDATE accounts SET "Balance" = @p2
WHERE "Id" = @p3;
INSERT INTO outbox_messages ("Id", "CreatedAtUtc", "LastError", "Payload", "RoutingKey", "SentAtUtc", "Status", "Type")
VALUES (@p4, @p5, @p6, @p7, @p8, @p9, @p10, @p11)
RETURNING "RetryCount";
2025-11-30 16:43:47.044 -03:00 [INF] Event published in RabbitMQ: Type TransferCompleted, RoutingKey transfer.completed
2025-11-30 16:43:47.055 -03:00 [INF] Executed DbCommand (5ms) [Parameters=[@p2='?' (DbType = Guid), @p0='?' (DbType = DateTime), @p1='?' (DbType = Int32)], CommandType='"Text"', CommandTimeout='30']
UPDATE outbox_messages SET "SentAtUtc" = @p0, "Status" = @p1
WHERE "Id" = @p2;
2025-11-30 16:43:47.056 -03:00 [INF] Executing StatusCodeResult, setting HTTP status code 204
2025-11-30 16:43:47.057 -03:00 [INF] Executed action Accounts.API.Controllers.AccountsController.Transfer (Accounts.API) in 280.56ms
2025-11-30 16:43:47.057 -03:00 [INF] Executed endpoint 'Accounts.API.Controllers.AccountsController.Transfer (Accounts.API)'
2025-11-30 16:43:47.057 -03:00 [INF] HTTP POST /api/Accounts/transfer responded 204 in 282.6683 ms
2025-11-30 16:43:47.058 -03:00 [INF] Request finished HTTP/2 POST https://localhost:44318/api/Accounts/transfer - 204 null null 289.9537ms
