2025-11-26 05:20:29.121 -03:00 [INF] Executed DbCommand (29ms) [Parameters=[], CommandType='"Text"', CommandTimeout='30']
SELECT "MigrationId", "ProductVersion"
FROM "__EFMigrationsHistory"
ORDER BY "MigrationId";
2025-11-26 05:20:29.640 -03:00 [INF] Executed DbCommand (12ms) [Parameters=[], CommandType='"Text"', CommandTimeout='30']
CREATE TABLE IF NOT EXISTS "__EFMigrationsHistory" (
    "MigrationId" character varying(150) NOT NULL,
    "ProductVersion" character varying(32) NOT NULL,
    CONSTRAINT "PK___EFMigrationsHistory" PRIMARY KEY ("MigrationId")
);
2025-11-26 05:20:29.654 -03:00 [INF] Acquiring an exclusive lock for migration application. See https://aka.ms/efcore-docs-migrations-lock for more information if this takes too long.
2025-11-26 05:20:29.656 -03:00 [INF] Executed DbCommand (2ms) [Parameters=[], CommandType='"Text"', CommandTimeout='30']
LOCK TABLE "__EFMigrationsHistory" IN ACCESS EXCLUSIVE MODE
2025-11-26 05:20:29.657 -03:00 [INF] Executed DbCommand (0ms) [Parameters=[], CommandType='"Text"', CommandTimeout='30']
SELECT "MigrationId", "ProductVersion"
FROM "__EFMigrationsHistory"
ORDER BY "MigrationId";
2025-11-26 05:20:29.669 -03:00 [INF] Applying migration '20251126082012_UpdateOutboxMessagesSentAtUtcColumn'.
2025-11-26 05:20:29.704 -03:00 [INF] Executed DbCommand (15ms) [Parameters=[], CommandType='"Text"', CommandTimeout='30']
ALTER TABLE outbox_messages ALTER COLUMN "RetryCount" SET DEFAULT 0;
2025-11-26 05:20:29.707 -03:00 [INF] Executed DbCommand (3ms) [Parameters=[], CommandType='"Text"', CommandTimeout='30']
ALTER TABLE outbox_messages ADD "SentAtUtc" timestamp with time zone;
2025-11-26 05:20:29.710 -03:00 [INF] Executed DbCommand (3ms) [Parameters=[], CommandType='"Text"', CommandTimeout='30']
INSERT INTO "__EFMigrationsHistory" ("MigrationId", "ProductVersion")
VALUES ('20251126082012_UpdateOutboxMessagesSentAtUtcColumn', '9.0.10');
2025-11-26 05:20:30.181 -03:00 [INF] Executed DbCommand (11ms) [Parameters=[], CommandType='"Text"', CommandTimeout='30']
SELECT EXISTS (
    SELECT 1
    FROM accounts AS a)
2025-11-26 05:23:25.651 -03:00 [INF] Request starting HTTP/2 GET https://localhost:44318/swagger/index.html - null null
2025-11-26 05:23:25.882 -03:00 [INF] Application started. Press Ctrl+C to shut down.
2025-11-26 05:23:25.883 -03:00 [INF] Hosting environment: Development
2025-11-26 05:23:25.883 -03:00 [INF] Content root path: C:\projects\Training\MicrosoftNet\Fintech\Fintech.Accounts\Accounts.API
2025-11-26 05:23:26.458 -03:00 [INF] HTTP GET /swagger/index.html responded 200 in 90.9523 ms
2025-11-26 05:23:26.476 -03:00 [INF] Request starting HTTP/2 GET https://localhost:44318/_framework/aspnetcore-browser-refresh.js - null null
2025-11-26 05:23:26.483 -03:00 [INF] Request finished HTTP/2 GET https://localhost:44318/swagger/index.html - 200 null text/html;charset=utf-8 844.6461ms
2025-11-26 05:23:26.489 -03:00 [INF] Request finished HTTP/2 GET https://localhost:44318/_framework/aspnetcore-browser-refresh.js - 200 16509 application/javascript; charset=utf-8 9.3674ms
2025-11-26 05:23:26.531 -03:00 [INF] Request starting HTTP/2 GET https://localhost:44318/_vs/browserLink - null null
2025-11-26 05:23:26.653 -03:00 [INF] Request finished HTTP/2 GET https://localhost:44318/_vs/browserLink - 200 null text/javascript; charset=UTF-8 119.5541ms
2025-11-26 05:23:26.885 -03:00 [INF] Request starting HTTP/2 GET https://localhost:44318/swagger/v1/swagger.json - null null
2025-11-26 05:23:26.900 -03:00 [INF] HTTP GET /swagger/v1/swagger.json responded 200 in 13.7310 ms
2025-11-26 05:23:26.902 -03:00 [INF] Request finished HTTP/2 GET https://localhost:44318/swagger/v1/swagger.json - 200 null application/json;charset=utf-8 16.8486ms
2025-11-26 05:23:50.935 -03:00 [INF] Request starting HTTP/2 POST https://localhost:44318/api/Accounts/transfer - application/json 135
2025-11-26 05:23:50.949 -03:00 [INF] Executing endpoint 'Accounts.API.Controllers.AccountsController.Transfer (Accounts.API)'
2025-11-26 05:23:50.987 -03:00 [INF] Route matched with {action = "Transfer", controller = "Accounts"}. Executing controller action with signature System.Threading.Tasks.Task`1[Microsoft.AspNetCore.Mvc.IActionResult] Transfer(Accounts.Application.Accounts.Commands.TransferFundsCommand) on controller Accounts.API.Controllers.AccountsController (Accounts.API).
2025-11-26 05:23:50.992 -03:00 [WRN] You do not have a valid license key for the Lucky Penny software MediatR. This is allowed for development and testing scenarios. If you are running in production you are required to have a licensed version. Please visit https://luckypennysoftware.com to obtain a valid license.
2025-11-26 05:23:53.288 -03:00 [INF] Executed DbCommand (83ms) [Parameters=[@__p_0='?' (DbType = Guid)], CommandType='"Text"', CommandTimeout='30']
SELECT a."Id", a."Balance", a."OwnerName"
FROM accounts AS a
WHERE a."Id" = @__p_0
LIMIT 1
2025-11-26 05:23:53.402 -03:00 [INF] Executed DbCommand (15ms) [Parameters=[@__p_0='?' (DbType = Guid)], CommandType='"Text"', CommandTimeout='30']
SELECT a."Id", a."Balance", a."OwnerName"
FROM accounts AS a
WHERE a."Id" = @__p_0
LIMIT 1
2025-11-26 05:23:53.646 -03:00 [INF] Executed DbCommand (32ms) [Parameters=[@p1='?' (DbType = Guid), @p0='?' (DbType = Decimal), @p3='?' (DbType = Guid), @p2='?' (DbType = Decimal), @p4='?' (DbType = Guid), @p5='?' (DbType = DateTime), @p6='?', @p7='?' (DbType = Object), @p8='?', @p9='?' (DbType = DateTime), @p10='?' (DbType = Int32), @p11='?'], CommandType='"Text"', CommandTimeout='30']
UPDATE accounts SET "Balance" = @p0
WHERE "Id" = @p1;
UPDATE accounts SET "Balance" = @p2
WHERE "Id" = @p3;
INSERT INTO outbox_messages ("Id", "CreatedAtUtc", "LastError", "Payload", "RoutingKey", "SentAtUtc", "Status", "Type")
VALUES (@p4, @p5, @p6, @p7, @p8, @p9, @p10, @p11)
RETURNING "RetryCount";
2025-11-26 05:23:53.697 -03:00 [INF] Executing StatusCodeResult, setting HTTP status code 204
2025-11-26 05:23:53.705 -03:00 [INF] Executed action Accounts.API.Controllers.AccountsController.Transfer (Accounts.API) in 2710.7158ms
2025-11-26 05:23:53.705 -03:00 [INF] Executed endpoint 'Accounts.API.Controllers.AccountsController.Transfer (Accounts.API)'
2025-11-26 05:23:53.707 -03:00 [INF] HTTP POST /api/Accounts/transfer responded 204 in 2768.1607 ms
2025-11-26 05:23:53.718 -03:00 [INF] Request finished HTTP/2 POST https://localhost:44318/api/Accounts/transfer - 204 null null 2782.7248ms
