2025-11-01 02:59:16.601 -03:00 [INF] Executed DbCommand (14ms) [Parameters=[], CommandType='"Text"', CommandTimeout='30']
SELECT "MigrationId", "ProductVersion"
FROM "__EFMigrationsHistory"
ORDER BY "MigrationId";
2025-11-01 02:59:16.773 -03:00 [INF] Executed DbCommand (9ms) [Parameters=[], CommandType='"Text"', CommandTimeout='30']
CREATE TABLE IF NOT EXISTS "__EFMigrationsHistory" (
    "MigrationId" character varying(150) NOT NULL,
    "ProductVersion" character varying(32) NOT NULL,
    CONSTRAINT "PK___EFMigrationsHistory" PRIMARY KEY ("MigrationId")
);
2025-11-01 02:59:16.778 -03:00 [INF] Acquiring an exclusive lock for migration application. See https://aka.ms/efcore-docs-migrations-lock for more information if this takes too long.
2025-11-01 02:59:16.781 -03:00 [INF] Executed DbCommand (2ms) [Parameters=[], CommandType='"Text"', CommandTimeout='30']
LOCK TABLE "__EFMigrationsHistory" IN ACCESS EXCLUSIVE MODE
2025-11-01 02:59:16.781 -03:00 [INF] Executed DbCommand (0ms) [Parameters=[], CommandType='"Text"', CommandTimeout='30']
SELECT "MigrationId", "ProductVersion"
FROM "__EFMigrationsHistory"
ORDER BY "MigrationId";
2025-11-01 02:59:16.784 -03:00 [INF] No migrations were applied. The database is already up to date.
2025-11-01 03:00:36.096 -03:00 [ERR] An error occurred using the connection to database '' on server ''.
2025-11-01 03:00:54.751 -03:00 [ERR] An error occurred using the connection to database 'AccountsDB' on server 'tcp://localhost:5432'.
2025-11-01 03:00:55.264 -03:00 [INF] Executed DbCommand (288ms) [Parameters=[], CommandType='"Text"', CommandTimeout='30']
CREATE DATABASE "AccountsDB";
2025-11-01 03:00:55.369 -03:00 [INF] Executed DbCommand (8ms) [Parameters=[], CommandType='"Text"', CommandTimeout='30']
CREATE TABLE IF NOT EXISTS "__EFMigrationsHistory" (
    "MigrationId" character varying(150) NOT NULL,
    "ProductVersion" character varying(32) NOT NULL,
    CONSTRAINT "PK___EFMigrationsHistory" PRIMARY KEY ("MigrationId")
);
2025-11-01 03:00:55.375 -03:00 [INF] Acquiring an exclusive lock for migration application. See https://aka.ms/efcore-docs-migrations-lock for more information if this takes too long.
2025-11-01 03:00:55.376 -03:00 [INF] Executed DbCommand (1ms) [Parameters=[], CommandType='"Text"', CommandTimeout='30']
LOCK TABLE "__EFMigrationsHistory" IN ACCESS EXCLUSIVE MODE
2025-11-01 03:00:55.378 -03:00 [INF] Executed DbCommand (2ms) [Parameters=[], CommandType='"Text"', CommandTimeout='30']
SELECT "MigrationId", "ProductVersion"
FROM "__EFMigrationsHistory"
ORDER BY "MigrationId";
2025-11-01 03:00:55.386 -03:00 [INF] Applying migration '20251008141955_InitialCreate'.
2025-11-01 03:00:55.392 -03:00 [INF] Executed DbCommand (3ms) [Parameters=[], CommandType='"Text"', CommandTimeout='30']
CREATE TABLE "Accounts" (
    "Id" uuid NOT NULL,
    "OwnerName" text NOT NULL,
    "Balance" numeric NOT NULL,
    CONSTRAINT "PK_Accounts" PRIMARY KEY ("Id")
);
2025-11-01 03:00:55.393 -03:00 [INF] Executed DbCommand (1ms) [Parameters=[], CommandType='"Text"', CommandTimeout='30']
INSERT INTO "__EFMigrationsHistory" ("MigrationId", "ProductVersion")
VALUES ('20251008141955_InitialCreate', '9.0.10');
2025-11-01 03:00:55.393 -03:00 [INF] Applying migration '20251028100550_Rename_AccountsTableName'.
2025-11-01 03:00:55.399 -03:00 [INF] Executed DbCommand (3ms) [Parameters=[], CommandType='"Text"', CommandTimeout='30']
ALTER TABLE "Accounts" DROP CONSTRAINT "PK_Accounts";
2025-11-01 03:00:55.400 -03:00 [INF] Executed DbCommand (1ms) [Parameters=[], CommandType='"Text"', CommandTimeout='30']
ALTER TABLE "Accounts" RENAME TO accounts;
2025-11-01 03:00:55.401 -03:00 [INF] Executed DbCommand (1ms) [Parameters=[], CommandType='"Text"', CommandTimeout='30']
ALTER TABLE accounts ADD CONSTRAINT "PK_accounts" PRIMARY KEY ("Id");
2025-11-01 03:00:55.402 -03:00 [INF] Executed DbCommand (0ms) [Parameters=[], CommandType='"Text"', CommandTimeout='30']
INSERT INTO "__EFMigrationsHistory" ("MigrationId", "ProductVersion")
VALUES ('20251028100550_Rename_AccountsTableName', '9.0.10');
2025-11-01 03:02:15.224 -03:00 [INF] Executed DbCommand (11ms) [Parameters=[], CommandType='"Text"', CommandTimeout='30']
SELECT "MigrationId", "ProductVersion"
FROM "__EFMigrationsHistory"
ORDER BY "MigrationId";
2025-11-01 03:02:15.389 -03:00 [INF] Executed DbCommand (3ms) [Parameters=[], CommandType='"Text"', CommandTimeout='30']
CREATE TABLE IF NOT EXISTS "__EFMigrationsHistory" (
    "MigrationId" character varying(150) NOT NULL,
    "ProductVersion" character varying(32) NOT NULL,
    CONSTRAINT "PK___EFMigrationsHistory" PRIMARY KEY ("MigrationId")
);
2025-11-01 03:02:15.394 -03:00 [INF] Acquiring an exclusive lock for migration application. See https://aka.ms/efcore-docs-migrations-lock for more information if this takes too long.
2025-11-01 03:02:15.394 -03:00 [INF] Executed DbCommand (1ms) [Parameters=[], CommandType='"Text"', CommandTimeout='30']
LOCK TABLE "__EFMigrationsHistory" IN ACCESS EXCLUSIVE MODE
2025-11-01 03:02:15.396 -03:00 [INF] Executed DbCommand (1ms) [Parameters=[], CommandType='"Text"', CommandTimeout='30']
SELECT "MigrationId", "ProductVersion"
FROM "__EFMigrationsHistory"
ORDER BY "MigrationId";
2025-11-01 03:02:15.398 -03:00 [INF] No migrations were applied. The database is already up to date.
2025-11-01 03:03:00.430 -03:00 [ERR] An error occurred using the connection to database 'AccountsDb' on server 'tcp://localhost:5432'.
2025-11-01 03:03:00.718 -03:00 [INF] Executed DbCommand (138ms) [Parameters=[], CommandType='"Text"', CommandTimeout='30']
CREATE DATABASE "AccountsDb";
2025-11-01 03:03:00.831 -03:00 [INF] Executed DbCommand (17ms) [Parameters=[], CommandType='"Text"', CommandTimeout='30']
CREATE TABLE IF NOT EXISTS "__EFMigrationsHistory" (
    "MigrationId" character varying(150) NOT NULL,
    "ProductVersion" character varying(32) NOT NULL,
    CONSTRAINT "PK___EFMigrationsHistory" PRIMARY KEY ("MigrationId")
);
2025-11-01 03:03:00.836 -03:00 [INF] Acquiring an exclusive lock for migration application. See https://aka.ms/efcore-docs-migrations-lock for more information if this takes too long.
2025-11-01 03:03:00.837 -03:00 [INF] Executed DbCommand (1ms) [Parameters=[], CommandType='"Text"', CommandTimeout='30']
LOCK TABLE "__EFMigrationsHistory" IN ACCESS EXCLUSIVE MODE
2025-11-01 03:03:00.839 -03:00 [INF] Executed DbCommand (1ms) [Parameters=[], CommandType='"Text"', CommandTimeout='30']
SELECT "MigrationId", "ProductVersion"
FROM "__EFMigrationsHistory"
ORDER BY "MigrationId";
2025-11-01 03:03:00.845 -03:00 [INF] Applying migration '20251008141955_InitialCreate'.
2025-11-01 03:03:00.852 -03:00 [INF] Executed DbCommand (3ms) [Parameters=[], CommandType='"Text"', CommandTimeout='30']
CREATE TABLE "Accounts" (
    "Id" uuid NOT NULL,
    "OwnerName" text NOT NULL,
    "Balance" numeric NOT NULL,
    CONSTRAINT "PK_Accounts" PRIMARY KEY ("Id")
);
2025-11-01 03:03:00.853 -03:00 [INF] Executed DbCommand (1ms) [Parameters=[], CommandType='"Text"', CommandTimeout='30']
INSERT INTO "__EFMigrationsHistory" ("MigrationId", "ProductVersion")
VALUES ('20251008141955_InitialCreate', '9.0.10');
2025-11-01 03:03:00.853 -03:00 [INF] Applying migration '20251028100550_Rename_AccountsTableName'.
2025-11-01 03:03:00.855 -03:00 [INF] Executed DbCommand (1ms) [Parameters=[], CommandType='"Text"', CommandTimeout='30']
ALTER TABLE "Accounts" DROP CONSTRAINT "PK_Accounts";
2025-11-01 03:03:00.856 -03:00 [INF] Executed DbCommand (0ms) [Parameters=[], CommandType='"Text"', CommandTimeout='30']
ALTER TABLE "Accounts" RENAME TO accounts;
2025-11-01 03:03:00.857 -03:00 [INF] Executed DbCommand (1ms) [Parameters=[], CommandType='"Text"', CommandTimeout='30']
ALTER TABLE accounts ADD CONSTRAINT "PK_accounts" PRIMARY KEY ("Id");
2025-11-01 03:03:00.857 -03:00 [INF] Executed DbCommand (0ms) [Parameters=[], CommandType='"Text"', CommandTimeout='30']
INSERT INTO "__EFMigrationsHistory" ("MigrationId", "ProductVersion")
VALUES ('20251028100550_Rename_AccountsTableName', '9.0.10');
2025-11-01 03:32:05.171 -03:00 [INF] Executed DbCommand (15ms) [Parameters=[], CommandType='"Text"', CommandTimeout='30']
SELECT "MigrationId", "ProductVersion"
FROM "__EFMigrationsHistory"
ORDER BY "MigrationId";
2025-11-01 03:32:05.397 -03:00 [INF] Executed DbCommand (5ms) [Parameters=[], CommandType='"Text"', CommandTimeout='30']
CREATE TABLE IF NOT EXISTS "__EFMigrationsHistory" (
    "MigrationId" character varying(150) NOT NULL,
    "ProductVersion" character varying(32) NOT NULL,
    CONSTRAINT "PK___EFMigrationsHistory" PRIMARY KEY ("MigrationId")
);
2025-11-01 03:32:05.404 -03:00 [INF] Acquiring an exclusive lock for migration application. See https://aka.ms/efcore-docs-migrations-lock for more information if this takes too long.
2025-11-01 03:32:05.405 -03:00 [INF] Executed DbCommand (1ms) [Parameters=[], CommandType='"Text"', CommandTimeout='30']
LOCK TABLE "__EFMigrationsHistory" IN ACCESS EXCLUSIVE MODE
2025-11-01 03:32:05.406 -03:00 [INF] Executed DbCommand (0ms) [Parameters=[], CommandType='"Text"', CommandTimeout='30']
SELECT "MigrationId", "ProductVersion"
FROM "__EFMigrationsHistory"
ORDER BY "MigrationId";
2025-11-01 03:32:05.410 -03:00 [INF] No migrations were applied. The database is already up to date.
2025-11-01 03:32:05.612 -03:00 [INF] Executed DbCommand (11ms) [Parameters=[], CommandType='"Text"', CommandTimeout='30']
SELECT EXISTS (
    SELECT 1
    FROM accounts AS a)
2025-11-01 03:32:05.747 -03:00 [INF] Executed DbCommand (12ms) [Parameters=[@p0='?' (DbType = Guid), @p1='?' (DbType = Decimal), @p2='?', @p3='?' (DbType = Guid), @p4='?' (DbType = Decimal), @p5='?'], CommandType='"Text"', CommandTimeout='30']
INSERT INTO accounts ("Id", "Balance", "OwnerName")
VALUES (@p0, @p1, @p2);
INSERT INTO accounts ("Id", "Balance", "OwnerName")
VALUES (@p3, @p4, @p5);
2025-11-01 03:32:33.015 -03:00 [INF] Executed DbCommand (11ms) [Parameters=[], CommandType='"Text"', CommandTimeout='30']
SELECT "MigrationId", "ProductVersion"
FROM "__EFMigrationsHistory"
ORDER BY "MigrationId";
2025-11-01 03:32:33.187 -03:00 [INF] Executed DbCommand (3ms) [Parameters=[], CommandType='"Text"', CommandTimeout='30']
CREATE TABLE IF NOT EXISTS "__EFMigrationsHistory" (
    "MigrationId" character varying(150) NOT NULL,
    "ProductVersion" character varying(32) NOT NULL,
    CONSTRAINT "PK___EFMigrationsHistory" PRIMARY KEY ("MigrationId")
);
2025-11-01 03:32:33.193 -03:00 [INF] Acquiring an exclusive lock for migration application. See https://aka.ms/efcore-docs-migrations-lock for more information if this takes too long.
2025-11-01 03:32:33.193 -03:00 [INF] Executed DbCommand (0ms) [Parameters=[], CommandType='"Text"', CommandTimeout='30']
LOCK TABLE "__EFMigrationsHistory" IN ACCESS EXCLUSIVE MODE
2025-11-01 03:32:33.194 -03:00 [INF] Executed DbCommand (0ms) [Parameters=[], CommandType='"Text"', CommandTimeout='30']
SELECT "MigrationId", "ProductVersion"
FROM "__EFMigrationsHistory"
ORDER BY "MigrationId";
2025-11-01 03:32:33.197 -03:00 [INF] No migrations were applied. The database is already up to date.
2025-11-01 03:32:33.449 -03:00 [INF] Executed DbCommand (8ms) [Parameters=[], CommandType='"Text"', CommandTimeout='30']
SELECT EXISTS (
    SELECT 1
    FROM accounts AS a)
2025-11-01 03:32:49.073 -03:00 [INF] Executed DbCommand (13ms) [Parameters=[], CommandType='"Text"', CommandTimeout='30']
SELECT "MigrationId", "ProductVersion"
FROM "__EFMigrationsHistory"
ORDER BY "MigrationId";
2025-11-01 03:32:49.244 -03:00 [INF] Executed DbCommand (4ms) [Parameters=[], CommandType='"Text"', CommandTimeout='30']
CREATE TABLE IF NOT EXISTS "__EFMigrationsHistory" (
    "MigrationId" character varying(150) NOT NULL,
    "ProductVersion" character varying(32) NOT NULL,
    CONSTRAINT "PK___EFMigrationsHistory" PRIMARY KEY ("MigrationId")
);
2025-11-01 03:32:49.250 -03:00 [INF] Acquiring an exclusive lock for migration application. See https://aka.ms/efcore-docs-migrations-lock for more information if this takes too long.
2025-11-01 03:32:49.251 -03:00 [INF] Executed DbCommand (1ms) [Parameters=[], CommandType='"Text"', CommandTimeout='30']
LOCK TABLE "__EFMigrationsHistory" IN ACCESS EXCLUSIVE MODE
2025-11-01 03:32:49.252 -03:00 [INF] Executed DbCommand (1ms) [Parameters=[], CommandType='"Text"', CommandTimeout='30']
SELECT "MigrationId", "ProductVersion"
FROM "__EFMigrationsHistory"
ORDER BY "MigrationId";
2025-11-01 03:32:49.254 -03:00 [INF] No migrations were applied. The database is already up to date.
2025-11-01 03:32:49.378 -03:00 [INF] Executed DbCommand (5ms) [Parameters=[], CommandType='"Text"', CommandTimeout='30']
SELECT EXISTS (
    SELECT 1
    FROM accounts AS a)
2025-11-01 03:32:49.469 -03:00 [INF] Executed DbCommand (9ms) [Parameters=[@p0='?' (DbType = Guid), @p1='?' (DbType = Decimal), @p2='?', @p3='?' (DbType = Guid), @p4='?' (DbType = Decimal), @p5='?'], CommandType='"Text"', CommandTimeout='30']
INSERT INTO accounts ("Id", "Balance", "OwnerName")
VALUES (@p0, @p1, @p2);
INSERT INTO accounts ("Id", "Balance", "OwnerName")
VALUES (@p3, @p4, @p5);
2025-11-01 04:18:49.674 -03:00 [ERR] An error occurred using the connection to database '' on server ''.
2025-11-01 04:19:02.560 -03:00 [ERR] An error occurred using the connection to database 'AccountsDb' on server 'tcp://localhost:5432'.
2025-11-01 04:19:02.869 -03:00 [INF] Executed DbCommand (156ms) [Parameters=[], CommandType='"Text"', CommandTimeout='30']
CREATE DATABASE "AccountsDb";
2025-11-01 04:19:03.022 -03:00 [INF] Executed DbCommand (4ms) [Parameters=[], CommandType='"Text"', CommandTimeout='30']
CREATE TABLE IF NOT EXISTS "__EFMigrationsHistory" (
    "MigrationId" character varying(150) NOT NULL,
    "ProductVersion" character varying(32) NOT NULL,
    CONSTRAINT "PK___EFMigrationsHistory" PRIMARY KEY ("MigrationId")
);
2025-11-01 04:19:03.026 -03:00 [INF] Acquiring an exclusive lock for migration application. See https://aka.ms/efcore-docs-migrations-lock for more information if this takes too long.
2025-11-01 04:19:03.027 -03:00 [INF] Executed DbCommand (1ms) [Parameters=[], CommandType='"Text"', CommandTimeout='30']
LOCK TABLE "__EFMigrationsHistory" IN ACCESS EXCLUSIVE MODE
2025-11-01 04:19:03.029 -03:00 [INF] Executed DbCommand (2ms) [Parameters=[], CommandType='"Text"', CommandTimeout='30']
SELECT "MigrationId", "ProductVersion"
FROM "__EFMigrationsHistory"
ORDER BY "MigrationId";
2025-11-01 04:19:03.037 -03:00 [INF] Applying migration '20251008141955_InitialCreate'.
2025-11-01 04:19:03.043 -03:00 [INF] Executed DbCommand (3ms) [Parameters=[], CommandType='"Text"', CommandTimeout='30']
CREATE TABLE "Accounts" (
    "Id" uuid NOT NULL,
    "OwnerName" text NOT NULL,
    "Balance" numeric NOT NULL,
    CONSTRAINT "PK_Accounts" PRIMARY KEY ("Id")
);
2025-11-01 04:19:03.044 -03:00 [INF] Executed DbCommand (1ms) [Parameters=[], CommandType='"Text"', CommandTimeout='30']
INSERT INTO "__EFMigrationsHistory" ("MigrationId", "ProductVersion")
VALUES ('20251008141955_InitialCreate', '9.0.10');
2025-11-01 04:19:03.044 -03:00 [INF] Applying migration '20251028100550_Rename_AccountsTableName'.
2025-11-01 04:19:03.046 -03:00 [INF] Executed DbCommand (1ms) [Parameters=[], CommandType='"Text"', CommandTimeout='30']
ALTER TABLE "Accounts" DROP CONSTRAINT "PK_Accounts";
2025-11-01 04:19:03.046 -03:00 [INF] Executed DbCommand (0ms) [Parameters=[], CommandType='"Text"', CommandTimeout='30']
ALTER TABLE "Accounts" RENAME TO accounts;
2025-11-01 04:19:03.047 -03:00 [INF] Executed DbCommand (1ms) [Parameters=[], CommandType='"Text"', CommandTimeout='30']
ALTER TABLE accounts ADD CONSTRAINT "PK_accounts" PRIMARY KEY ("Id");
2025-11-01 04:19:03.048 -03:00 [INF] Executed DbCommand (0ms) [Parameters=[], CommandType='"Text"', CommandTimeout='30']
INSERT INTO "__EFMigrationsHistory" ("MigrationId", "ProductVersion")
VALUES ('20251028100550_Rename_AccountsTableName', '9.0.10');
2025-11-01 04:19:03.173 -03:00 [INF] Executed DbCommand (7ms) [Parameters=[], CommandType='"Text"', CommandTimeout='30']
SELECT EXISTS (
    SELECT 1
    FROM accounts AS a)
2025-11-01 04:19:03.278 -03:00 [INF] Executed DbCommand (7ms) [Parameters=[@p0='?' (DbType = Guid), @p1='?' (DbType = Decimal), @p2='?', @p3='?' (DbType = Guid), @p4='?' (DbType = Decimal), @p5='?'], CommandType='"Text"', CommandTimeout='30']
INSERT INTO accounts ("Id", "Balance", "OwnerName")
VALUES (@p0, @p1, @p2);
INSERT INTO accounts ("Id", "Balance", "OwnerName")
VALUES (@p3, @p4, @p5);
2025-11-01 04:20:54.775 -03:00 [INF] Request starting HTTP/2 GET https://localhost:44318/swagger - null null
2025-11-01 04:20:55.024 -03:00 [INF] Application started. Press Ctrl+C to shut down.
2025-11-01 04:20:55.025 -03:00 [INF] Hosting environment: Development
2025-11-01 04:20:55.025 -03:00 [INF] Content root path: C:\projects\Training\MicrosoftNet\Fintech\Fintech.Accounts\Accounts.API
2025-11-01 04:20:55.767 -03:00 [INF] HTTP GET /swagger responded 301 in 6.4649 ms
2025-11-01 04:20:55.813 -03:00 [INF] Request starting HTTP/2 GET https://localhost:44318/swagger/index.html - null null
2025-11-01 04:20:55.829 -03:00 [INF] Request finished HTTP/2 GET https://localhost:44318/swagger - 301 null null 1088.433ms
2025-11-01 04:20:55.949 -03:00 [INF] HTTP GET /swagger/index.html responded 200 in 128.5477 ms
2025-11-01 04:20:55.958 -03:00 [INF] Request finished HTTP/2 GET https://localhost:44318/swagger/index.html - 200 null text/html;charset=utf-8 141.626ms
2025-11-01 04:20:55.979 -03:00 [INF] Request starting HTTP/2 GET https://localhost:44318/swagger/swagger-ui-standalone-preset.js - null null
2025-11-01 04:20:55.979 -03:00 [INF] Request starting HTTP/2 GET https://localhost:44318/swagger/swagger-ui-bundle.js - null null
2025-11-01 04:20:55.980 -03:00 [INF] Request starting HTTP/2 GET https://localhost:44318/swagger/swagger-ui.css - null null
2025-11-01 04:20:55.981 -03:00 [INF] Request starting HTTP/2 GET https://localhost:44318/_framework/aspnetcore-browser-refresh.js - null null
2025-11-01 04:20:56.006 -03:00 [INF] Request finished HTTP/2 GET https://localhost:44318/_framework/aspnetcore-browser-refresh.js - 200 16509 application/javascript; charset=utf-8 13.9834ms
2025-11-01 04:20:56.050 -03:00 [INF] Sending file. Request path: '/swagger-ui-standalone-preset.js'. Physical path: 'N/A'
2025-11-01 04:20:56.050 -03:00 [INF] Sending file. Request path: '/swagger-ui.css'. Physical path: 'N/A'
2025-11-01 04:20:56.050 -03:00 [INF] HTTP GET /swagger/swagger-ui-standalone-preset.js responded 200 in 67.2800 ms
2025-11-01 04:20:56.050 -03:00 [INF] HTTP GET /swagger/swagger-ui.css responded 200 in 67.4075 ms
2025-11-01 04:20:56.050 -03:00 [INF] Sending file. Request path: '/swagger-ui-bundle.js'. Physical path: 'N/A'
2025-11-01 04:20:56.051 -03:00 [INF] HTTP GET /swagger/swagger-ui-bundle.js responded 200 in 67.6266 ms
2025-11-01 04:20:56.082 -03:00 [INF] Request finished HTTP/2 GET https://localhost:44318/swagger/swagger-ui.css - 200 152034 text/css 102.2962ms
2025-11-01 04:20:56.083 -03:00 [INF] Request finished HTTP/2 GET https://localhost:44318/swagger/swagger-ui-standalone-preset.js - 200 230280 text/javascript 103.5709ms
2025-11-01 04:20:56.110 -03:00 [INF] Request starting HTTP/2 GET https://localhost:44318/_vs/browserLink - null null
2025-11-01 04:20:56.134 -03:00 [INF] Request finished HTTP/2 GET https://localhost:44318/swagger/swagger-ui-bundle.js - 200 1456926 text/javascript 155.4604ms
2025-11-01 04:20:56.449 -03:00 [INF] Request finished HTTP/2 GET https://localhost:44318/_vs/browserLink - 200 null text/javascript; charset=UTF-8 338.6792ms
2025-11-01 04:20:56.868 -03:00 [INF] Request starting HTTP/2 GET https://localhost:44318/swagger/v1/swagger.json - null null
2025-11-01 04:20:56.879 -03:00 [INF] HTTP GET /swagger/v1/swagger.json responded 200 in 10.2676 ms
2025-11-01 04:20:56.881 -03:00 [INF] Request finished HTTP/2 GET https://localhost:44318/swagger/v1/swagger.json - 200 null application/json;charset=utf-8 13.318ms
2025-11-01 04:20:56.901 -03:00 [INF] Request starting HTTP/2 GET https://localhost:44318/swagger/favicon-32x32.png - null null
2025-11-01 04:20:56.903 -03:00 [INF] Sending file. Request path: '/favicon-32x32.png'. Physical path: 'N/A'
2025-11-01 04:20:56.904 -03:00 [INF] HTTP GET /swagger/favicon-32x32.png responded 200 in 1.6194 ms
2025-11-01 04:20:56.905 -03:00 [INF] Request finished HTTP/2 GET https://localhost:44318/swagger/favicon-32x32.png - 200 628 image/png 3.4441ms
2025-11-01 04:21:03.457 -03:00 [INF] Request starting HTTP/2 GET https://localhost:44318/api/Accounts/aaaaaaaa-aaaa-aaaa-aaaa-aaaaaaaaaaaa - null null
2025-11-01 04:21:03.477 -03:00 [INF] Executing endpoint 'Accounts.API.Controllers.AccountsController.Get (Accounts.API)'
2025-11-01 04:21:03.505 -03:00 [INF] Route matched with {action = "Get", controller = "Accounts"}. Executing controller action with signature System.Threading.Tasks.Task`1[Microsoft.AspNetCore.Mvc.ActionResult`1[Accounts.Application.Accounts.DTOs.AccountDto]] Get(System.Guid) on controller Accounts.API.Controllers.AccountsController (Accounts.API).
2025-11-01 04:21:03.622 -03:00 [WRN] You do not have a valid license key for the Lucky Penny software MediatR. This is allowed for development and testing scenarios. If you are running in production you are required to have a licensed version. Please visit https://luckypennysoftware.com to obtain a valid license.
2025-11-01 04:21:04.594 -03:00 [INF] Executed DbCommand (57ms) [Parameters=[@__p_0='?' (DbType = Guid)], CommandType='"Text"', CommandTimeout='30']
SELECT a."Id", a."Balance", a."OwnerName"
FROM accounts AS a
WHERE a."Id" = @__p_0
LIMIT 1
2025-11-01 04:21:04.718 -03:00 [INF] Executing OkObjectResult, writing value of type 'Accounts.Application.Accounts.DTOs.AccountDto'.
2025-11-01 04:21:04.733 -03:00 [INF] Executed action Accounts.API.Controllers.AccountsController.Get (Accounts.API) in 1224.3084ms
2025-11-01 04:21:04.734 -03:00 [INF] Executed endpoint 'Accounts.API.Controllers.AccountsController.Get (Accounts.API)'
2025-11-01 04:21:04.735 -03:00 [INF] HTTP GET /api/Accounts/aaaaaaaa-aaaa-aaaa-aaaa-aaaaaaaaaaaa responded 200 in 1268.7073 ms
2025-11-01 04:21:04.742 -03:00 [INF] Request finished HTTP/2 GET https://localhost:44318/api/Accounts/aaaaaaaa-aaaa-aaaa-aaaa-aaaaaaaaaaaa - 200 null application/json; charset=utf-8 1284.7391ms
2025-11-01 04:21:12.680 -03:00 [INF] Request starting HTTP/2 GET https://localhost:44318/api/Accounts/bbbbbbbb-bbbb-bbbb-bbbb-bbbbbbbbbbbb - null null
2025-11-01 04:21:12.680 -03:00 [INF] Executing endpoint 'Accounts.API.Controllers.AccountsController.Get (Accounts.API)'
2025-11-01 04:21:12.681 -03:00 [INF] Route matched with {action = "Get", controller = "Accounts"}. Executing controller action with signature System.Threading.Tasks.Task`1[Microsoft.AspNetCore.Mvc.ActionResult`1[Accounts.Application.Accounts.DTOs.AccountDto]] Get(System.Guid) on controller Accounts.API.Controllers.AccountsController (Accounts.API).
2025-11-01 04:21:12.731 -03:00 [INF] Executed DbCommand (7ms) [Parameters=[@__p_0='?' (DbType = Guid)], CommandType='"Text"', CommandTimeout='30']
SELECT a."Id", a."Balance", a."OwnerName"
FROM accounts AS a
WHERE a."Id" = @__p_0
LIMIT 1
2025-11-01 04:21:12.733 -03:00 [INF] Executing OkObjectResult, writing value of type 'Accounts.Application.Accounts.DTOs.AccountDto'.
2025-11-01 04:21:12.733 -03:00 [INF] Executed action Accounts.API.Controllers.AccountsController.Get (Accounts.API) in 52.4174ms
2025-11-01 04:21:12.733 -03:00 [INF] Executed endpoint 'Accounts.API.Controllers.AccountsController.Get (Accounts.API)'
2025-11-01 04:21:12.733 -03:00 [INF] HTTP GET /api/Accounts/bbbbbbbb-bbbb-bbbb-bbbb-bbbbbbbbbbbb responded 200 in 53.0900 ms
2025-11-01 04:21:12.733 -03:00 [INF] Request finished HTTP/2 GET https://localhost:44318/api/Accounts/bbbbbbbb-bbbb-bbbb-bbbb-bbbbbbbbbbbb - 200 null application/json; charset=utf-8 54.0038ms
2025-11-01 04:21:33.169 -03:00 [INF] Request starting HTTP/2 POST https://localhost:44318/api/Accounts/transfer - application/json 135
2025-11-01 04:21:33.178 -03:00 [INF] Executing endpoint 'Accounts.API.Controllers.AccountsController.Transfer (Accounts.API)'
2025-11-01 04:21:33.191 -03:00 [INF] Route matched with {action = "Transfer", controller = "Accounts"}. Executing controller action with signature System.Threading.Tasks.Task`1[Microsoft.AspNetCore.Mvc.IActionResult] Transfer(Accounts.Application.Accounts.Commands.TransferFundsCommand) on controller Accounts.API.Controllers.AccountsController (Accounts.API).
2025-11-01 04:21:33.254 -03:00 [INF] Executed DbCommand (2ms) [Parameters=[@__p_0='?' (DbType = Guid)], CommandType='"Text"', CommandTimeout='30']
SELECT a."Id", a."Balance", a."OwnerName"
FROM accounts AS a
WHERE a."Id" = @__p_0
LIMIT 1
2025-11-01 04:21:33.260 -03:00 [INF] Executed DbCommand (3ms) [Parameters=[@__p_0='?' (DbType = Guid)], CommandType='"Text"', CommandTimeout='30']
SELECT a."Id", a."Balance", a."OwnerName"
FROM accounts AS a
WHERE a."Id" = @__p_0
LIMIT 1
2025-11-01 04:21:33.316 -03:00 [INF] Executed DbCommand (3ms) [Parameters=[@p1='?' (DbType = Guid), @p0='?' (DbType = Decimal), @p3='?' (DbType = Guid), @p2='?' (DbType = Decimal)], CommandType='"Text"', CommandTimeout='30']
UPDATE accounts SET "Balance" = @p0
WHERE "Id" = @p1;
UPDATE accounts SET "Balance" = @p2
WHERE "Id" = @p3;
2025-11-01 04:21:33.335 -03:00 [INF] Executing StatusCodeResult, setting HTTP status code 204
2025-11-01 04:21:33.335 -03:00 [INF] Executed action Accounts.API.Controllers.AccountsController.Transfer (Accounts.API) in 143.8607ms
2025-11-01 04:21:33.335 -03:00 [INF] Executed endpoint 'Accounts.API.Controllers.AccountsController.Transfer (Accounts.API)'
2025-11-01 04:21:33.335 -03:00 [INF] HTTP POST /api/Accounts/transfer responded 204 in 162.0265 ms
2025-11-01 04:21:33.336 -03:00 [INF] Request finished HTTP/2 POST https://localhost:44318/api/Accounts/transfer - 204 null null 166.7604ms
